
     | | | | | | |
   _________________
  -|               |-
  -|               |-
  -|               |-
  -|    CYPRESS    |-
  -|               |-
  -|               |-   Warp VHDL Synthesis Compiler: Version 6.3 IR 35
  -|               |-   Copyright (C) 1991-2001 Cypress Semiconductor
   |_______________|
     | | | | | | |

======================================================================
Compiling:  codigo.vhd
Options:    -m -yu -e10 -w100 -o2 -ygs -fP -v10 -dc22v10 -ppalc22v10d-15pc -b codigo.vhd -u Decodificador.hie
======================================================================

vhdlfe V6.3 IR 35:  VHDL parser
Tue Sep 21 21:55:33 2021

Library 'work' => directory 'lc22v10'
Linking 'C:\Archivos de programa\Cypress\Warp\bin\std.vhd'.
Linking 'C:\Archivos de programa\Cypress\Warp\lib\common\cypress.vhd'.
Linking 'C:\Archivos de programa\Cypress\Warp\lib\common\work\cypress.vif'.
Library 'ieee' => directory 'C:\Archivos de programa\Cypress\Warp\lib\ieee\work'
Linking 'C:\Archivos de programa\Cypress\Warp\lib\ieee\work\stdlogic.vif'.

vhdlfe:  No errors.


tovif V6.3 IR 35:  High-level synthesis
Tue Sep 21 21:55:33 2021

Linking 'C:\Archivos de programa\Cypress\Warp\bin\std.vhd'.
Linking 'C:\Archivos de programa\Cypress\Warp\lib\common\cypress.vhd'.
Linking 'C:\Archivos de programa\Cypress\Warp\lib\common\work\cypress.vif'.
Linking 'C:\Archivos de programa\Cypress\Warp\lib\ieee\work\stdlogic.vif'.

tovif:  No errors.


topld V6.3 IR 35:  Synthesis and optimization
Tue Sep 21 21:55:34 2021

Linking 'C:\Archivos de programa\Cypress\Warp\bin\std.vhd'.
Linking 'C:\Archivos de programa\Cypress\Warp\lib\common\cypress.vhd'.
Linking 'C:\Archivos de programa\Cypress\Warp\lib\common\work\cypress.vif'.
Linking 'C:\Archivos de programa\Cypress\Warp\lib\ieee\work\stdlogic.vif'.

----------------------------------------------------------
Detecting unused logic.
----------------------------------------------------------



------------------------------------------------------
Alias Detection
------------------------------------------------------

------------------------------------------------------
Aliased 0 equations, 0 wires.
------------------------------------------------------

----------------------------------------------------------
Circuit simplification
----------------------------------------------------------

----------------------------------------------------------
Circuit simplification results:

	Expanded 0 signals.
	Turned 0 signals into soft nodes.
	Maximum default expansion cost was set at 10.
----------------------------------------------------------
Created 11 PLD nodes.

topld:  No errors.

----------------------------------------------------------------------------
PLD Optimizer Software:       DSGNOPT.EXE    31/03/2000  [v4.02 ] 6.3 IR 35

DESIGN HEADER INFORMATION  (21:55:35)

Input File(s): codigo.pla
Device       : C22V10
Package      : palc22v10d-15pc
ReportFile   : codigo.rpt

Program Controls:
    COMMAND LANGUAGE_VHDL 
    COMMAND PROPERTY BUS_HOLD ENABLE 

Signal Requests:
    GROUP USEPOL ALL
    GROUP FAST_SLEW ALL

Completed Successfully  
----------------------------------------------------------------------------
PLD Optimizer Software:       DSGNOPT.EXE    31/03/2000  [v4.02 ] 6.3 IR 35

OPTIMIZATION OPTIONS       (21:55:35)

Messages:
  Information: Optimizing logic using best output polarity for signals:
         segmento(0) segmento(1) segmento(2) segmento(3) segmento(4)
         segmento(5) segmento(6)



Summary:
                 Error Count = 0      Warning Count = 0

Completed Successfully  
----------------------------------------------------------------------------
PLD Optimizer Software:       MINOPT.EXE     01/NOV/1999  [v4.02 ] 6.3 IR 35

LOGIC MINIMIZATION         ()

Messages:


Summary:
                 Error Count = 0      Warning Count = 0

Completed Successfully
----------------------------------------------------------------------------
PLD Optimizer Software:       DSGNOPT.EXE    31/03/2000  [v4.02 ] 6.3 IR 35

OPTIMIZATION OPTIONS       (21:55:35)

Messages:
  Information: Optimizing Banked Preset/Reset requirements.


Summary:
                 Error Count = 0      Warning Count = 0

Completed Successfully  
----------------------------------------------------------------------------
PLD Compiler Software:        PLA2JED.EXE    31/03/2000  [v4.02 ] 6.3 IR 35

<CYPRESSTAG name="Equations" icon=FILE_RPT_EQUATION>
DESIGN EQUATIONS           (21:55:35)
</CYPRESSTAG>

    /segmento(0) =
          dato(0) * /dato(1) * dato(2) * dato(3) 
        + dato(0) * dato(1) * /dato(2) * dato(3) 
        + /dato(0) * /dato(1) * dato(2) * /dato(3) 
        + dato(0) * /dato(1) * /dato(2) * /dato(3) 

    /segmento(1) =
          dato(0) * /dato(1) * dato(2) * /dato(3) 
        + dato(0) * dato(1) * dato(3) 
        + /dato(0) * dato(2) * dato(3) 
        + /dato(0) * dato(1) * dato(2) 

    /segmento(2) =
          /dato(0) * dato(1) * /dato(2) * /dato(3) 
        + /dato(0) * dato(2) * dato(3) 
        + dato(1) * dato(2) * dato(3) 

    /segmento(3) =
          /dato(0) * dato(1) * /dato(2) * dato(3) 
        + /dato(0) * /dato(1) * dato(2) * /dato(3) 
        + dato(0) * /dato(1) * /dato(2) * /dato(3) 
        + dato(0) * dato(1) * dato(2) 

    /segmento(4) =
          dato(0) * /dato(1) * /dato(2) 
        + /dato(1) * dato(2) * /dato(3) 
        + dato(0) * /dato(3) 

    /segmento(5) =
          dato(0) * /dato(1) * dato(2) * dato(3) 
        + dato(0) * dato(1) * /dato(3) 
        + dato(1) * /dato(2) * /dato(3) 
        + dato(0) * /dato(2) * /dato(3) 

    /segmento(6) =
          /dato(0) * /dato(1) * dato(2) * dato(3) 
        + dato(0) * dato(1) * dato(2) * /dato(3) 
        + /dato(1) * /dato(2) * /dato(3) 


Completed Successfully  
----------------------------------------------------------------------------
PLD Compiler Software:        PLA2JED.EXE    31/03/2000  [v4.02 ] 6.3 IR 35

DESIGN RULE CHECK          (21:55:35)

Messages:
                 None.


Summary:
                 Error Count = 0      Warning Count = 0

Completed Successfully  
----------------------------------------------------------------------------
PLD Compiler Software:        PLA2JED.EXE    31/03/2000  [v4.02 ] 6.3 IR 35

<CYPRESSTAG name="Pinout" icon=FILE_RPT_PINOUT>
PINOUT INFORMATION   (21:55:35)
</CYPRESSTAG>
Messages:
  Information: Checking for duplicate NODE logic.
                 None.


                                 C22V10
                 __________________________________________
        dato(3) =| 1|                                  |24|* not used       
        dato(2) =| 2|                                  |23|= segmento(0)    
        dato(1) =| 3|                                  |22|= segmento(1)    
        dato(0) =| 4|                                  |21|= segmento(2)    
       not used *| 5|                                  |20|= segmento(3)    
       not used *| 6|                                  |19|= segmento(4)    
       not used *| 7|                                  |18|= segmento(5)    
       not used *| 8|                                  |17|= segmento(6)    
       not used *| 9|                                  |16|* not used       
       not used *|10|                                  |15|* not used       
       not used *|11|                                  |14|* not used       
       not used *|12|                                  |13|* not used       
                 __________________________________________


Summary:
                 Error Count = 0      Warning Count = 0

Completed Successfully  
----------------------------------------------------------------------------
PLD Compiler Software:        PLA2JED.EXE    31/03/2000  [v4.02 ] 6.3 IR 35

<CYPRESSTAG name="Utilization" icon=FILE_RPT_UTILIZATION>
RESOURCE UTILIZATION (21:55:35)
</CYPRESSTAG>
  Information: Macrocell Utilization.

                     Description        Used     Max
                 ______________________________________
                 | Dedicated Inputs   |    3  |   11  |
                 | Clock/Inputs       |    1  |    1  |
                 | I/O Macrocells     |    7  |   10  |
                 ______________________________________
                                          11  /   22   = 50  %


  Information: Output Logic Product Term Utilization.

                  Node#  Output Signal Name  Used   Max
                 ________________________________________
                 | 14  |  Unused          |   0  |   8  |
                 | 15  |  Unused          |   0  |  10  |
                 | 16  |  Unused          |   0  |  12  |
                 | 17  |  segmento(6)     |   3  |  14  |
                 | 18  |  segmento(5)     |   4  |  16  |
                 | 19  |  segmento(4)     |   3  |  16  |
                 | 20  |  segmento(3)     |   4  |  14  |
                 | 21  |  segmento(2)     |   3  |  12  |
                 | 22  |  segmento(1)     |   4  |  10  |
                 | 23  |  segmento(0)     |   4  |   8  |
                 | 25  |  Unused          |   0  |   1  |
                 ________________________________________
                                             25  / 121   = 20  %


Completed Successfully  
----------------------------------------------------------------------------
PLD Compiler Software:        PLA2JED.EXE    31/03/2000  [v4.02 ] 6.3 IR 35

JEDEC ASSEMBLE             (21:55:35)

Messages:
  Information: Output file 'codigo.pin' created.
  Information: Output file 'codigo.jed' created.

  Usercode:    
  Checksum:    AB13



Summary:
                 Error Count = 0      Warning Count = 0

Completed Successfully at 21:55:35
