
vhdlfe V6.3 IR 35:  VHDL parser
Tue Nov 16 19:56:15 2021

Setting library 'work' to directory 'lc22v10'

vhdlfe:  No errors.


vhdlfe V6.3 IR 35:  VHDL parser
Tue Nov 16 19:57:11 2021

Setting library 'work' to directory 'lc22v10'

vhdlfe:  No errors.


vhdlfe V6.3 IR 35:  VHDL parser
Tue Nov 16 19:57:56 2021

Setting library 'work' to directory 'lc22v10'

vhdlfe:  No errors.


vhdlfe V6.3 IR 35:  VHDL parser
Tue Nov 16 19:58:18 2021

Setting library 'work' to directory 'lc22v10'

vhdlfe:  No errors.


vhdlfe V6.3 IR 35:  VHDL parser
Tue Nov 16 19:58:55 2021

Setting library 'work' to directory 'lc22v10'

vhdlfe:  No errors.


vhdlfe V6.3 IR 35:  VHDL parser
Tue Nov 16 19:59:17 2021

Setting library 'work' to directory 'lc22v10'

vhdlfe:  No errors.


vhdlfe V6.3 IR 35:  VHDL parser
Tue Nov 16 19:59:56 2021

Setting library 'work' to directory 'lc22v10'

vhdlfe:  No errors.


vhdlfe V6.3 IR 35:  VHDL parser
Tue Nov 16 20:00:27 2021

Setting library 'work' to directory 'lc22v10'

vhdlfe:  No errors.


vhdlfe V6.3 IR 35:  VHDL parser
Tue Nov 16 20:00:46 2021

Setting library 'work' to directory 'lc22v10'

vhdlfe:  No errors.


vhdlfe V6.3 IR 35:  VHDL parser
Tue Nov 16 20:04:20 2021

Setting library 'work' to directory 'lc22v10'

vhdlfe:  No errors.


vhdlfe V6.3 IR 35:  VHDL parser
Tue Nov 16 20:04:54 2021

Setting library 'work' to directory 'lc22v10'

vhdlfe:  No errors.


vhdlfe V6.3 IR 35:  VHDL parser
Tue Nov 16 20:05:24 2021

Setting library 'work' to directory 'lc22v10'

vhdlfe:  No errors.


vhdlfe V6.3 IR 35:  VHDL parser
Tue Nov 16 20:06:20 2021

Setting library 'work' to directory 'lc22v10'

vhdlfe:  No errors.


vhdlfe V6.3 IR 35:  VHDL parser
Tue Nov 16 20:07:50 2021

Setting library 'work' to directory 'lc22v10'

vhdlfe:  No errors.


vhdlfe V6.3 IR 35:  VHDL parser
Tue Nov 16 20:08:32 2021

Setting library 'work' to directory 'lc22v10'

vhdlfe:  No errors.


vhdlfe V6.3 IR 35:  VHDL parser
Tue Nov 16 20:10:23 2021

Setting library 'work' to directory 'lc22v10'

vhdlfe:  No errors.


vhdlfe V6.3 IR 35:  VHDL parser
Tue Nov 16 20:10:56 2021

Setting library 'work' to directory 'lc22v10'

vhdlfe:  No errors.


vhdlfe V6.3 IR 35:  VHDL parser
Tue Nov 16 20:11:14 2021

Setting library 'work' to directory 'lc22v10'

vhdlfe:  No errors.


vhdlfe V6.3 IR 35:  VHDL parser
Tue Nov 16 20:12:43 2021

Setting library 'work' to directory 'lc22v10'

vhdlfe:  No errors.


vhdlfe V6.3 IR 35:  VHDL parser
Tue Nov 16 20:13:19 2021

Setting library 'work' to directory 'lc22v10'

vhdlfe:  No errors.


vhdlfe V6.3 IR 35:  VHDL parser
Tue Nov 16 20:17:20 2021

Setting library 'work' to directory 'lc22v10'

vhdlfe:  No errors.


vhdlfe V6.3 IR 35:  VHDL parser
Tue Nov 16 20:20:11 2021

Setting library 'work' to directory 'lc22v10'

vhdlfe:  No errors.


vhdlfe V6.3 IR 35:  VHDL parser
Tue Nov 16 20:20:39 2021

Setting library 'work' to directory 'lc22v10'

vhdlfe:  No errors.


vhdlfe V6.3 IR 35:  VHDL parser
Tue Nov 16 20:30:22 2021

Setting library 'work' to directory 'lc22v10'

vhdlfe:  No errors.


vhdlfe V6.3 IR 35:  VHDL parser
Tue Nov 16 20:30:34 2021

Setting library 'work' to directory 'lc22v10'

vhdlfe:  No errors.


vhdlfe V6.3 IR 35:  VHDL parser
Tue Nov 16 20:31:29 2021

Setting library 'work' to directory 'lc22v10'

vhdlfe:  No errors.


vhdlfe V6.3 IR 35:  VHDL parser
Tue Nov 16 20:32:09 2021

Setting library 'work' to directory 'lc22v10'

vhdlfe:  No errors.


vhdlfe V6.3 IR 35:  VHDL parser
Tue Nov 16 20:32:34 2021

Setting library 'work' to directory 'lc22v10'

vhdlfe:  No errors.


vhdlfe V6.3 IR 35:  VHDL parser
Tue Nov 16 20:39:28 2021

Setting library 'work' to directory 'lc22v10'

vhdlfe:  No errors.


vhdlfe V6.3 IR 35:  VHDL parser
Tue Nov 16 20:42:59 2021

Setting library 'work' to directory 'lc22v10'

vhdlfe:  No errors.


vhdlfe V6.3 IR 35:  VHDL parser
Tue Nov 16 20:43:16 2021

Setting library 'work' to directory 'lc22v10'

vhdlfe:  No errors.


vhdlfe V6.3 IR 35:  VHDL parser
Tue Nov 16 20:52:50 2021

Setting library 'work' to directory 'lc22v10'

vhdlfe:  No errors.


vhdlfe V6.3 IR 35:  VHDL parser
Tue Nov 16 21:22:00 2021

Setting library 'work' to directory 'lc22v10'

vhdlfe:  No errors.


vhdlfe V6.3 IR 35:  VHDL parser
Tue Nov 16 21:23:35 2021

Setting library 'work' to directory 'lc22v10'

vhdlfe:  No errors.


vhdlfe V6.3 IR 35:  VHDL parser
Tue Nov 16 21:23:56 2021

Setting library 'work' to directory 'lc22v10'

vhdlfe:  No errors.


vhdlfe V6.3 IR 35:  VHDL parser
Tue Nov 16 21:24:37 2021

Setting library 'work' to directory 'lc22v10'

vhdlfe:  No errors.


vhdlfe V6.3 IR 35:  VHDL parser
Tue Nov 16 21:26:18 2021

Setting library 'work' to directory 'lc22v10'

vhdlfe:  No errors.


vhdlfe V6.3 IR 35:  VHDL parser
Tue Nov 16 21:27:24 2021

Setting library 'work' to directory 'lc22v10'

vhdlfe:  No errors.


vhdlfe V6.3 IR 35:  VHDL parser
Tue Nov 16 21:27:40 2021

Setting library 'work' to directory 'lc22v10'

vhdlfe:  No errors.


vhdlfe V6.3 IR 35:  VHDL parser
Tue Nov 16 21:30:48 2021

Setting library 'work' to directory 'lc22v10'

vhdlfe:  No errors.


vhdlfe V6.3 IR 35:  VHDL parser
Tue Nov 16 21:31:06 2021

Setting library 'work' to directory 'lc22v10'

vhdlfe:  No errors.


vhdlfe V6.3 IR 35:  VHDL parser
Tue Nov 16 21:31:27 2021

Setting library 'work' to directory 'lc22v10'

vhdlfe:  No errors.


vhdlfe V6.3 IR 35:  VHDL parser
Tue Nov 16 21:34:39 2021

Setting library 'work' to directory 'lc22v10'

vhdlfe:  No errors.


vhdlfe V6.3 IR 35:  VHDL parser
Tue Nov 16 21:35:47 2021

Setting library 'work' to directory 'lc22v10'

vhdlfe:  No errors.


vhdlfe V6.3 IR 35:  VHDL parser
Tue Nov 16 21:37:49 2021

Setting library 'work' to directory 'lc22v10'

vhdlfe:  No errors.


vhdlfe V6.3 IR 35:  VHDL parser
Sun Dec 05 19:05:09 2021

Setting library 'work' to directory 'lc22v10'

vhdlfe:  No errors.


vhdlfe V6.3 IR 35:  VHDL parser
Sun Dec 05 19:06:40 2021

Setting library 'work' to directory 'lc22v10'

vhdlfe:  No errors.

