
vhdlfe V6.3 IR 35:  VHDL parser
Mon Sep 20 21:20:08 2021

Setting library 'work' to directory 'lc22v10'

vhdlfe:  No errors.


vhdlfe V6.3 IR 35:  VHDL parser
Mon Sep 20 21:21:11 2021

Setting library 'work' to directory 'lc22v10'

vhdlfe:  No errors.


vhdlfe V6.3 IR 35:  VHDL parser
Mon Sep 20 21:21:16 2021

Setting library 'work' to directory 'lc22v10'

vhdlfe:  No errors.


vhdlfe V6.3 IR 35:  VHDL parser
Mon Sep 20 21:21:51 2021

Setting library 'work' to directory 'lc22v10'

vhdlfe:  No errors.


vhdlfe V6.3 IR 35:  VHDL parser
Mon Sep 20 21:23:04 2021

Setting library 'work' to directory 'lc22v10'

vhdlfe:  No errors.


vhdlfe V6.3 IR 35:  VHDL parser
Mon Sep 20 21:23:33 2021

Setting library 'work' to directory 'lc22v10'

vhdlfe:  No errors.


vhdlfe V6.3 IR 35:  VHDL parser
Mon Sep 20 21:24:36 2021

Setting library 'work' to directory 'lc22v10'

vhdlfe:  No errors.


vhdlfe V6.3 IR 35:  VHDL parser
Mon Sep 20 21:27:09 2021

Setting library 'work' to directory 'lc22v10'

vhdlfe:  No errors.


vhdlfe V6.3 IR 35:  VHDL parser
Mon Sep 20 21:27:42 2021

Setting library 'work' to directory 'lc22v10'

vhdlfe:  No errors.


vhdlfe V6.3 IR 35:  VHDL parser
Mon Sep 20 21:30:36 2021

Setting library 'work' to directory 'lc22v10'

vhdlfe:  No errors.


vhdlfe V6.3 IR 35:  VHDL parser
Mon Sep 20 21:51:08 2021

Setting library 'work' to directory 'lc22v10'

vhdlfe:  No errors.


vhdlfe V6.3 IR 35:  VHDL parser
Mon Sep 20 21:51:23 2021

Setting library 'work' to directory 'lc22v10'

vhdlfe:  No errors.


vhdlfe V6.3 IR 35:  VHDL parser
Mon Sep 20 21:51:35 2021

Setting library 'work' to directory 'lc22v10'

vhdlfe:  No errors.


vhdlfe V6.3 IR 35:  VHDL parser
Mon Sep 20 21:52:36 2021

Setting library 'work' to directory 'lc22v10'

vhdlfe:  No errors.


vhdlfe V6.3 IR 35:  VHDL parser
Mon Sep 20 21:52:55 2021

Setting library 'work' to directory 'lc22v10'

vhdlfe:  No errors.


vhdlfe V6.3 IR 35:  VHDL parser
Mon Sep 20 21:53:54 2021

Setting library 'work' to directory 'lc22v10'

vhdlfe:  No errors.


vhdlfe V6.3 IR 35:  VHDL parser
Tue Sep 21 20:24:00 2021

Setting library 'work' to directory 'lc22v10'

vhdlfe:  No errors.


vhdlfe V6.3 IR 35:  VHDL parser
Tue Sep 21 20:34:18 2021

Setting library 'work' to directory 'lc22v10'

vhdlfe:  No errors.


vhdlfe V6.3 IR 35:  VHDL parser
Tue Sep 21 20:35:05 2021

Setting library 'work' to directory 'lc22v10'

vhdlfe:  No errors.


vhdlfe V6.3 IR 35:  VHDL parser
Tue Sep 21 20:35:56 2021

Setting library 'work' to directory 'lc22v10'

vhdlfe:  No errors.


vhdlfe V6.3 IR 35:  VHDL parser
Tue Sep 21 20:39:10 2021

Setting library 'work' to directory 'lc22v10'

vhdlfe:  No errors.


vhdlfe V6.3 IR 35:  VHDL parser
Tue Sep 21 20:39:36 2021

Setting library 'work' to directory 'lc22v10'

vhdlfe:  No errors.


vhdlfe V6.3 IR 35:  VHDL parser
Tue Sep 21 20:45:38 2021

Setting library 'work' to directory 'lc22v10'

vhdlfe:  No errors.


vhdlfe V6.3 IR 35:  VHDL parser
Tue Sep 21 20:47:31 2021

Setting library 'work' to directory 'lc22v10'

vhdlfe:  No errors.


vhdlfe V6.3 IR 35:  VHDL parser
Tue Sep 21 20:52:51 2021

Setting library 'work' to directory 'lc22v10'

vhdlfe:  No errors.


vhdlfe V6.3 IR 35:  VHDL parser
Tue Sep 21 20:58:55 2021

Setting library 'work' to directory 'lc22v10'

vhdlfe:  No errors.


vhdlfe V6.3 IR 35:  VHDL parser
Tue Sep 21 21:01:10 2021

Setting library 'work' to directory 'lc22v10'

vhdlfe:  No errors.


vhdlfe V6.3 IR 35:  VHDL parser
Thu Sep 30 19:39:11 2021

Setting library 'work' to directory 'lc22v10'

vhdlfe:  No errors.

