
     | | | | | | |
   _________________
  -|               |-
  -|               |-
  -|               |-
  -|    CYPRESS    |-
  -|               |-
  -|               |-   Warp VHDL Synthesis Compiler: Version 6.3 IR 35
  -|               |-   Copyright (C) 1991-2001 Cypress Semiconductor
   |_______________|
     | | | | | | |

======================================================================
Compiling:  Restador.vhd
Options:    -m -yu -e10 -w100 -o2 -ygs -fP -v10 -dc22v10 -ppalce22v10-15pc -b Restador.vhd -u Resta.hie
======================================================================

vhdlfe V6.3 IR 35:  VHDL parser
Thu Jan 11 12:15:00 2024

Library 'work' => directory 'lc22v10'
Linking 'C:\ARCHIV~1\Cypress\Warp\bin\std.vhd'.
Linking 'C:\ARCHIV~1\Cypress\Warp\lib\common\cypress.vhd'.
Linking 'C:\ARCHIV~1\Cypress\Warp\lib\common\work\cypress.vif'.
Library 'ieee' => directory 'C:\ARCHIV~1\Cypress\Warp\lib\ieee\work'
Linking 'C:\ARCHIV~1\Cypress\Warp\lib\ieee\work\stdlogic.vif'.
Linking 'C:\ARCHIV~1\Cypress\Warp\lib\ieee\work\syntocyp.vif'.
Linking 'C:\ARCHIV~1\Cypress\Warp\lib\ieee\work\synarith.vif'.
Linking 'C:\ARCHIV~1\Cypress\Warp\lib\ieee\work\synusgnd.vif'.

vhdlfe:  No errors.


tovif V6.3 IR 35:  High-level synthesis
Thu Jan 11 12:15:00 2024

Linking 'C:\ARCHIV~1\Cypress\Warp\bin\std.vhd'.
Linking 'C:\ARCHIV~1\Cypress\Warp\lib\common\cypress.vhd'.
Linking 'C:\ARCHIV~1\Cypress\Warp\lib\common\work\cypress.vif'.
Linking 'C:\ARCHIV~1\Cypress\Warp\lib\ieee\work\stdlogic.vif'.
Linking 'C:\ARCHIV~1\Cypress\Warp\lib\ieee\work\syntocyp.vif'.
Linking 'C:\ARCHIV~1\Cypress\Warp\lib\ieee\work\synarith.vif'.
Linking 'C:\ARCHIV~1\Cypress\Warp\lib\ieee\work\synusgnd.vif'.

tovif:  No errors.


topld V6.3 IR 35:  Synthesis and optimization
Thu Jan 11 12:15:00 2024

Linking 'C:\ARCHIV~1\Cypress\Warp\bin\std.vhd'.
Linking 'C:\ARCHIV~1\Cypress\Warp\lib\common\cypress.vhd'.
Linking 'C:\ARCHIV~1\Cypress\Warp\lib\common\work\cypress.vif'.
Linking 'C:\ARCHIV~1\Cypress\Warp\lib\ieee\work\stdlogic.vif'.
Linking 'C:\ARCHIV~1\Cypress\Warp\lib\ieee\work\syntocyp.vif'.
Linking 'C:\ARCHIV~1\Cypress\Warp\lib\ieee\work\synarith.vif'.
Linking 'C:\ARCHIV~1\Cypress\Warp\lib\ieee\work\synusgnd.vif'.

----------------------------------------------------------
Detecting unused logic.
----------------------------------------------------------
    User names
	tempdifference_4
	tempdifference_3
	tempdifference_2
	tempdifference_1
	tempdifference_0


Deleted 5 User equations/components.
Deleted 0 Synthesized equations/components.

------------------------------------------------------
Alias Detection
------------------------------------------------------

------------------------------------------------------
Aliased 0 equations, 0 wires.
------------------------------------------------------

----------------------------------------------------------
Circuit simplification
----------------------------------------------------------

----------------------------------------------------------
Circuit simplification results:

	Expanded 0 signals.
	Turned 0 signals into soft nodes.
	Maximum default expansion cost was set at 10.
----------------------------------------------------------
Created 19 PLD nodes.

topld:  No errors.

----------------------------------------------------------------------------
PLD Optimizer Software:       DSGNOPT.EXE    31/03/2000  [v4.02 ] 6.3 IR 35

DESIGN HEADER INFORMATION  (12:15:02)

Input File(s): Restador.pla
Device       : C22V10
Package      : palce22v10-15pc
ReportFile   : Restador.rpt

Program Controls:
    COMMAND LANGUAGE_VHDL 
    COMMAND PROPERTY BUS_HOLD ENABLE 

Signal Requests:
    GROUP USEPOL ALL
    GROUP FAST_SLEW ALL

Completed Successfully  
----------------------------------------------------------------------------
PLD Optimizer Software:       DSGNOPT.EXE    31/03/2000  [v4.02 ] 6.3 IR 35

OPTIMIZATION OPTIONS       (12:15:02)

Messages:
  Information: Optimizing logic using best output polarity for signals:
         borrowin difference(0) difference(1) difference(2) difference(3)

  Information: Selected logic optimization OFF for signals:
         borrowout



Summary:
                 Error Count = 0      Warning Count = 0

Completed Successfully  
----------------------------------------------------------------------------
PLD Optimizer Software:       MINOPT.EXE     01/NOV/1999  [v4.02 ] 6.3 IR 35

LOGIC MINIMIZATION         ()

Messages:


Summary:
                 Error Count = 0      Warning Count = 0

Completed Successfully
----------------------------------------------------------------------------
PLD Optimizer Software:       DSGNOPT.EXE    31/03/2000  [v4.02 ] 6.3 IR 35

OPTIMIZATION OPTIONS       (12:15:02)

Messages:
  Information: Optimizing Banked Preset/Reset requirements.


Summary:
                 Error Count = 0      Warning Count = 0

Completed Successfully  
----------------------------------------------------------------------------
PLD Compiler Software:        PLA2JED.EXE    31/03/2000  [v4.02 ] 6.3 IR 35

<CYPRESSTAG name="Equations" icon=FILE_RPT_EQUATION>
DESIGN EQUATIONS           (12:15:02)
</CYPRESSTAG>

    borrowin =
          b(3) * borrowin 
        + /a(3) * borrowin 
        + /a(3) * b(3) 

    borrowout =
          /borrowin 

    difference(0) =
          a(0) * b(0) * borrowin 
        + /a(0) * /b(0) * borrowin 
        + /a(0) * b(0) * /borrowin 
        + a(0) * /b(0) * /borrowin 

    difference(1) =
          a(1) * b(1) * borrowin 
        + /a(1) * /b(1) * borrowin 
        + /a(1) * b(1) * /borrowin 
        + a(1) * /b(1) * /borrowin 

    difference(2) =
          a(2) * b(2) * borrowin 
        + /a(2) * /b(2) * borrowin 
        + /a(2) * b(2) * /borrowin 
        + a(2) * /b(2) * /borrowin 

    difference(3) =
          a(3) * b(3) * borrowin 
        + /a(3) * /b(3) * borrowin 
        + /a(3) * b(3) * /borrowin 
        + a(3) * /b(3) * /borrowin 


Completed Successfully  
----------------------------------------------------------------------------
PLD Compiler Software:        PLA2JED.EXE    31/03/2000  [v4.02 ] 6.3 IR 35

DESIGN RULE CHECK          (12:15:02)

Messages:
                 None.


Summary:
                 Error Count = 0      Warning Count = 0

Completed Successfully  
----------------------------------------------------------------------------
PLD Compiler Software:        PLA2JED.EXE    31/03/2000  [v4.02 ] 6.3 IR 35

<CYPRESSTAG name="Pinout" icon=FILE_RPT_PINOUT>
PINOUT INFORMATION   (12:15:02)
</CYPRESSTAG>
Messages:
  Information: Checking for duplicate NODE logic.
                 None.


                                 C22V10
                 __________________________________________
           b(2) =| 1|                                  |24|* not used       
           a(2) =| 2|                                  |23|= difference(2)  
           b(3) =| 3|                                  |22|= difference(0)  
           b(1) =| 4|                                  |21|= borrowout      
           b(0) =| 5|                                  |20|* not used       
           a(3) =| 6|                                  |19|* not used       
           a(1) =| 7|                                  |18|* not used       
           a(0) =| 8|                                  |17|* not used       
       not used *| 9|                                  |16|= borrowin       
       not used *|10|                                  |15|= difference(1)  
       not used *|11|                                  |14|= difference(3)  
       not used *|12|                                  |13|* not used       
                 __________________________________________


Summary:
                 Error Count = 0      Warning Count = 0

Completed Successfully  
----------------------------------------------------------------------------
PLD Compiler Software:        PLA2JED.EXE    31/03/2000  [v4.02 ] 6.3 IR 35

<CYPRESSTAG name="Utilization" icon=FILE_RPT_UTILIZATION>
RESOURCE UTILIZATION (12:15:02)
</CYPRESSTAG>
  Information: Macrocell Utilization.

                     Description        Used     Max
                 ______________________________________
                 | Dedicated Inputs   |    7  |   11  |
                 | Clock/Inputs       |    1  |    1  |
                 | I/O Macrocells     |    6  |   10  |
                 ______________________________________
                                          14  /   22   = 63  %


  Information: Output Logic Product Term Utilization.

                  Node#  Output Signal Name  Used   Max
                 ________________________________________
                 | 14  |  difference(3)   |   4  |   8  |
                 | 15  |  difference(1)   |   4  |  10  |
                 | 16  |  borrowin        |   3  |  12  |
                 | 17  |  Unused          |   0  |  14  |
                 | 18  |  Unused          |   0  |  16  |
                 | 19  |  Unused          |   0  |  16  |
                 | 20  |  Unused          |   0  |  14  |
                 | 21  |  borrowout       |   1  |  12  |
                 | 22  |  difference(0)   |   4  |  10  |
                 | 23  |  difference(2)   |   4  |   8  |
                 | 25  |  Unused          |   0  |   1  |
                 ________________________________________
                                             20  / 121   = 16  %


Completed Successfully  
----------------------------------------------------------------------------
PLD Compiler Software:        PLA2JED.EXE    31/03/2000  [v4.02 ] 6.3 IR 35

JEDEC ASSEMBLE             (12:15:02)

Messages:
  Information: Output file 'Restador.pin' created.
  Information: Output file 'Restador.jed' created.

  Usercode:    
  Checksum:    89CF



Summary:
                 Error Count = 0      Warning Count = 0

Completed Successfully at 12:15:02
